<html>
<head>
<title>TestNG:  Default test</title>
<link href="../testng.css" rel="stylesheet" type="text/css" />
<link href="../my-testng.css" rel="stylesheet" type="text/css" />

<style type="text/css">
.log { display: none;} 
.stack-trace { display: none;} 
</style>
<script type="text/javascript">
<!--
function flip(e) {
  current = e.style.display;
  if (current == 'block') {
    e.style.display = 'none';
    return 0;
  }
  else {
    e.style.display = 'block';
    return 1;
  }
}

function toggleBox(szDivId, elem, msg1, msg2)
{
  var res = -1;  if (document.getElementById) {
    res = flip(document.getElementById(szDivId));
  }
  else if (document.all) {
    // this is the way old msie versions work
    res = flip(document.all[szDivId]);
  }
  if(elem) {
    if(res == 0) elem.innerHTML = msg1; else elem.innerHTML = msg2;
  }

}

function toggleAllBoxes() {
  if (document.getElementsByTagName) {
    d = document.getElementsByTagName('div');
    for (i = 0; i < d.length; i++) {
      if (d[i].className == 'log') {
        flip(d[i]);
      }
    }
  }
}

// -->
</script>

</head>
<body>
<h2 align='center'>Default test</h2><table border='1' align="center">
<tr>
<td>Tests passed/Failed/Skipped:</td><td>0/0/8</td>
</tr><tr>
<td>Started on:</td><td>Mon Dec 21 08:11:37 UTC 2015</td>
</tr>
<tr><td>Total time:</td><td>0 seconds (151 ms)</td>
</tr><tr>
<td>Included groups:</td><td></td>
</tr><tr>
<td>Excluded groups:</td><td></td>
</tr>
</table><p/>
<small><i>(Hover the method name to see the test class name)</i></small><p/>
<table width='100%' border='1' class='invocation-failed'>
<tr><td colspan='4' align='center'><b>FAILED CONFIGURATIONS</b></td></tr>
<tr><td><b>Test method</b></td>
<td width="30%"><b>Exception</b></td>
<td width="10%"><b>Time (seconds)</b></td>
<td><b>Instance</b></td>
</tr>
<tr>
<td title='com.Idexx.scripts.AccountsPageScript.beforeSuite()'><b>beforeSuite</b><br>Test class: com.Idexx.scripts.AccountsPageScript</td>
<td><div><pre>org.testng.TestNGException: 
Parameter &apos;executionType&apos; is required by @Configuration on method beforeSuite but has not been marked @Optional or defined
in C:\Users\Administrator\AppData\Local\Temp\2\testng-eclipse--1489945559\testng-customsuite.xml
	at org.testng.internal.Parameters.createParameters(Parameters.java:148)
	at org.testng.internal.Parameters.createParameters(Parameters.java:361)
	at org.testng.internal.Parameters.createConfigurationParameters(Parameters.java:84)
	at org.testng.internal.Invoker.invokeConfigurations(Invoker.java:197)
	at org.testng.internal.Invoker.invokeConfigurations(Invoker.java:138)
	at org.testng.SuiteRunner.privateRun(SuiteRunner.java:296)
	at org.testng.SuiteRunner.run(SuiteRunner.java:259)
	at org.testng.SuiteRunnerWorker.runSuite(SuiteRunnerWorker.java:52)
	at org.testng.SuiteRunnerWorker.run(SuiteRunnerWorker.java:86)
	at org.testng.TestNG.runSuitesSequentially(TestNG.java:1185)
	at org.testng.TestNG.runSuitesLocally(TestNG.java:1110)
	at org.testng.TestNG.run(TestNG.java:1018)
	at org.testng.remote.RemoteTestNG.run(RemoteTestNG.java:111)
	at org.testng.remote.RemoteTestNG.initAndRun(RemoteTestNG.java:204)
	at org.testng.remote.RemoteTestNG.main(RemoteTestNG.java:175)
</pre></div><a href='#' onClick='toggleBox("stack-trace1911152052", this, "Click to show all stack frames", "Click to hide stack frames")'>Click to show all stack frames</a>
<div class='stack-trace' id='stack-trace1911152052'><pre>org.testng.TestNGException: 
Parameter &apos;executionType&apos; is required by @Configuration on method beforeSuite but has not been marked @Optional or defined
in C:\Users\Administrator\AppData\Local\Temp\2\testng-eclipse--1489945559\testng-customsuite.xml
	at org.testng.internal.Parameters.createParameters(Parameters.java:148)
	at org.testng.internal.Parameters.createParameters(Parameters.java:361)
	at org.testng.internal.Parameters.createConfigurationParameters(Parameters.java:84)
	at org.testng.internal.Invoker.invokeConfigurations(Invoker.java:197)
	at org.testng.internal.Invoker.invokeConfigurations(Invoker.java:138)
	at org.testng.SuiteRunner.privateRun(SuiteRunner.java:296)
	at org.testng.SuiteRunner.run(SuiteRunner.java:259)
	at org.testng.SuiteRunnerWorker.runSuite(SuiteRunnerWorker.java:52)
	at org.testng.SuiteRunnerWorker.run(SuiteRunnerWorker.java:86)
	at org.testng.TestNG.runSuitesSequentially(TestNG.java:1185)
	at org.testng.TestNG.runSuitesLocally(TestNG.java:1110)
	at org.testng.TestNG.run(TestNG.java:1018)
	at org.testng.remote.RemoteTestNG.run(RemoteTestNG.java:111)
	at org.testng.remote.RemoteTestNG.initAndRun(RemoteTestNG.java:204)
	at org.testng.remote.RemoteTestNG.main(RemoteTestNG.java:175)
</pre></div></td>
<td>0</td>
<td>null</td></tr>
<tr>
<td title='com.Idexx.scripts.AccountsPageScript.beforeTest()'><b>beforeTest</b><br>Test class: com.Idexx.scripts.AccountsPageScript</td>
<td><div><pre>org.testng.TestNGException: 
Parameter &apos;automationName&apos; is required by @Configuration on method beforeTest but has not been marked @Optional or defined
in C:\Users\Administrator\AppData\Local\Temp\2\testng-eclipse--1489945559\testng-customsuite.xml
	at org.testng.internal.Parameters.createParameters(Parameters.java:148)
	at org.testng.internal.Parameters.createParameters(Parameters.java:361)
	at org.testng.internal.Parameters.createConfigurationParameters(Parameters.java:84)
	at org.testng.internal.Invoker.invokeConfigurations(Invoker.java:197)
	at org.testng.internal.Invoker.invokeConfigurations(Invoker.java:138)
	at org.testng.internal.TestMethodWorker.invokeBeforeClassMethods(TestMethodWorker.java:170)
	at org.testng.internal.TestMethodWorker.run(TestMethodWorker.java:104)
	at org.testng.TestRunner.privateRun(TestRunner.java:773)
	at org.testng.TestRunner.run(TestRunner.java:623)
	at org.testng.SuiteRunner.runTest(SuiteRunner.java:357)
	at org.testng.SuiteRunner.runSequentially(SuiteRunner.java:352)
	at org.testng.SuiteRunner.privateRun(SuiteRunner.java:310)
	at org.testng.SuiteRunner.run(SuiteRunner.java:259)
	at org.testng.SuiteRunnerWorker.runSuite(SuiteRunnerWorker.java:52)
	at org.testng.SuiteRunnerWorker.run(SuiteRunnerWorker.java:86)
	at org.testng.TestNG.runSuitesSequentially(TestNG.java:1185)
	at org.testng.TestNG.runSuitesLocally(TestNG.java:1110)
	at org.testng.TestNG.run(TestNG.java:1018)
	at org.testng.remote.RemoteTestNG.run(RemoteTestNG.java:111)
	at org.testng.remote.RemoteTestNG.initAndRun(RemoteTestNG.java:204)
	at org.testng.remote.RemoteTestNG.main(RemoteTestNG.java:175)
</pre></div><a href='#' onClick='toggleBox("stack-trace2012744708", this, "Click to show all stack frames", "Click to hide stack frames")'>Click to show all stack frames</a>
<div class='stack-trace' id='stack-trace2012744708'><pre>org.testng.TestNGException: 
Parameter &apos;automationName&apos; is required by @Configuration on method beforeTest but has not been marked @Optional or defined
in C:\Users\Administrator\AppData\Local\Temp\2\testng-eclipse--1489945559\testng-customsuite.xml
	at org.testng.internal.Parameters.createParameters(Parameters.java:148)
	at org.testng.internal.Parameters.createParameters(Parameters.java:361)
	at org.testng.internal.Parameters.createConfigurationParameters(Parameters.java:84)
	at org.testng.internal.Invoker.invokeConfigurations(Invoker.java:197)
	at org.testng.internal.Invoker.invokeConfigurations(Invoker.java:138)
	at org.testng.internal.TestMethodWorker.invokeBeforeClassMethods(TestMethodWorker.java:170)
	at org.testng.internal.TestMethodWorker.run(TestMethodWorker.java:104)
	at org.testng.TestRunner.privateRun(TestRunner.java:773)
	at org.testng.TestRunner.run(TestRunner.java:623)
	at org.testng.SuiteRunner.runTest(SuiteRunner.java:357)
	at org.testng.SuiteRunner.runSequentially(SuiteRunner.java:352)
	at org.testng.SuiteRunner.privateRun(SuiteRunner.java:310)
	at org.testng.SuiteRunner.run(SuiteRunner.java:259)
	at org.testng.SuiteRunnerWorker.runSuite(SuiteRunnerWorker.java:52)
	at org.testng.SuiteRunnerWorker.run(SuiteRunnerWorker.java:86)
	at org.testng.TestNG.runSuitesSequentially(TestNG.java:1185)
	at org.testng.TestNG.runSuitesLocally(TestNG.java:1110)
	at org.testng.TestNG.run(TestNG.java:1018)
	at org.testng.remote.RemoteTestNG.run(RemoteTestNG.java:111)
	at org.testng.remote.RemoteTestNG.initAndRun(RemoteTestNG.java:204)
	at org.testng.remote.RemoteTestNG.main(RemoteTestNG.java:175)
</pre></div></td>
<td>0</td>
<td>com.Idexx.scripts.AccountsPageScript@55fe41ea</td></tr>
<tr>
<td title='com.Idexx.scripts.AccountsPageScript.afterTest()'><b>afterTest</b><br>Test class: com.Idexx.scripts.AccountsPageScript</td>
<td><div><pre>org.testng.TestNGException: 
Parameter &apos;browser&apos; is required by @Configuration on method afterTest but has not been marked @Optional or defined
in C:\Users\Administrator\AppData\Local\Temp\2\testng-eclipse--1489945559\testng-customsuite.xml
	at org.testng.internal.Parameters.createParameters(Parameters.java:148)
	at org.testng.internal.Parameters.createParameters(Parameters.java:361)
	at org.testng.internal.Parameters.createConfigurationParameters(Parameters.java:84)
	at org.testng.internal.Invoker.invokeConfigurations(Invoker.java:197)
	at org.testng.internal.Invoker.invokeConfigurations(Invoker.java:138)
	at org.testng.internal.TestMethodWorker.invokeAfterClassMethods(TestMethodWorker.java:220)
	at org.testng.internal.TestMethodWorker.run(TestMethodWorker.java:111)
	at org.testng.TestRunner.privateRun(TestRunner.java:773)
	at org.testng.TestRunner.run(TestRunner.java:623)
	at org.testng.SuiteRunner.runTest(SuiteRunner.java:357)
	at org.testng.SuiteRunner.runSequentially(SuiteRunner.java:352)
	at org.testng.SuiteRunner.privateRun(SuiteRunner.java:310)
	at org.testng.SuiteRunner.run(SuiteRunner.java:259)
	at org.testng.SuiteRunnerWorker.runSuite(SuiteRunnerWorker.java:52)
	at org.testng.SuiteRunnerWorker.run(SuiteRunnerWorker.java:86)
	at org.testng.TestNG.runSuitesSequentially(TestNG.java:1185)
	at org.testng.TestNG.runSuitesLocally(TestNG.java:1110)
	at org.testng.TestNG.run(TestNG.java:1018)
	at org.testng.remote.RemoteTestNG.run(RemoteTestNG.java:111)
	at org.testng.remote.RemoteTestNG.initAndRun(RemoteTestNG.java:204)
	at org.testng.remote.RemoteTestNG.main(RemoteTestNG.java:175)
</pre></div><a href='#' onClick='toggleBox("stack-trace1325144078", this, "Click to show all stack frames", "Click to hide stack frames")'>Click to show all stack frames</a>
<div class='stack-trace' id='stack-trace1325144078'><pre>org.testng.TestNGException: 
Parameter &apos;browser&apos; is required by @Configuration on method afterTest but has not been marked @Optional or defined
in C:\Users\Administrator\AppData\Local\Temp\2\testng-eclipse--1489945559\testng-customsuite.xml
	at org.testng.internal.Parameters.createParameters(Parameters.java:148)
	at org.testng.internal.Parameters.createParameters(Parameters.java:361)
	at org.testng.internal.Parameters.createConfigurationParameters(Parameters.java:84)
	at org.testng.internal.Invoker.invokeConfigurations(Invoker.java:197)
	at org.testng.internal.Invoker.invokeConfigurations(Invoker.java:138)
	at org.testng.internal.TestMethodWorker.invokeAfterClassMethods(TestMethodWorker.java:220)
	at org.testng.internal.TestMethodWorker.run(TestMethodWorker.java:111)
	at org.testng.TestRunner.privateRun(TestRunner.java:773)
	at org.testng.TestRunner.run(TestRunner.java:623)
	at org.testng.SuiteRunner.runTest(SuiteRunner.java:357)
	at org.testng.SuiteRunner.runSequentially(SuiteRunner.java:352)
	at org.testng.SuiteRunner.privateRun(SuiteRunner.java:310)
	at org.testng.SuiteRunner.run(SuiteRunner.java:259)
	at org.testng.SuiteRunnerWorker.runSuite(SuiteRunnerWorker.java:52)
	at org.testng.SuiteRunnerWorker.run(SuiteRunnerWorker.java:86)
	at org.testng.TestNG.runSuitesSequentially(TestNG.java:1185)
	at org.testng.TestNG.runSuitesLocally(TestNG.java:1110)
	at org.testng.TestNG.run(TestNG.java:1018)
	at org.testng.remote.RemoteTestNG.run(RemoteTestNG.java:111)
	at org.testng.remote.RemoteTestNG.initAndRun(RemoteTestNG.java:204)
	at org.testng.remote.RemoteTestNG.main(RemoteTestNG.java:175)
</pre></div></td>
<td>0</td>
<td>com.Idexx.scripts.AccountsPageScript@55fe41ea</td></tr>
</table><p>
<table width='100%' border='1' class='invocation-skipped'>
<tr><td colspan='4' align='center'><b>SKIPPED CONFIGURATIONS</b></td></tr>
<tr><td><b>Test method</b></td>
<td width="30%"><b>Exception</b></td>
<td width="10%"><b>Time (seconds)</b></td>
<td><b>Instance</b></td>
</tr>
<tr>
<td title='com.Idexx.scripts.AccountsPageScript.beforeMethod()'><b>beforeMethod</b><br>Test class: com.Idexx.scripts.AccountsPageScript</td>
<td></td>
<td>0</td>
<td>com.Idexx.scripts.AccountsPageScript@55fe41ea</td></tr>
<tr>
<td title='com.Idexx.scripts.AccountsPageScript.login()'><b>login</b><br>Test class: com.Idexx.scripts.AccountsPageScript</td>
<td></td>
<td>0</td>
<td>com.Idexx.scripts.AccountsPageScript@55fe41ea</td></tr>
<tr>
<td title='com.Idexx.scripts.AccountsPageScript.beforeMethod()'><b>beforeMethod</b><br>Test class: com.Idexx.scripts.AccountsPageScript</td>
<td></td>
<td>0</td>
<td>com.Idexx.scripts.AccountsPageScript@55fe41ea</td></tr>
<tr>
<td title='com.Idexx.scripts.AccountsPageScript.login()'><b>login</b><br>Test class: com.Idexx.scripts.AccountsPageScript</td>
<td></td>
<td>0</td>
<td>com.Idexx.scripts.AccountsPageScript@55fe41ea</td></tr>
<tr>
<td title='com.Idexx.scripts.AccountsPageScript.beforeMethod()'><b>beforeMethod</b><br>Test class: com.Idexx.scripts.AccountsPageScript</td>
<td></td>
<td>0</td>
<td>com.Idexx.scripts.AccountsPageScript@55fe41ea</td></tr>
<tr>
<td title='com.Idexx.scripts.AccountsPageScript.login()'><b>login</b><br>Test class: com.Idexx.scripts.AccountsPageScript</td>
<td></td>
<td>0</td>
<td>com.Idexx.scripts.AccountsPageScript@55fe41ea</td></tr>
<tr>
<td title='com.Idexx.scripts.AccountsPageScript.beforeMethod()'><b>beforeMethod</b><br>Test class: com.Idexx.scripts.AccountsPageScript</td>
<td></td>
<td>0</td>
<td>com.Idexx.scripts.AccountsPageScript@55fe41ea</td></tr>
<tr>
<td title='com.Idexx.scripts.AccountsPageScript.login()'><b>login</b><br>Test class: com.Idexx.scripts.AccountsPageScript</td>
<td></td>
<td>0</td>
<td>com.Idexx.scripts.AccountsPageScript@55fe41ea</td></tr>
<tr>
<td title='com.Idexx.scripts.AccountsPageScript.beforeMethod()'><b>beforeMethod</b><br>Test class: com.Idexx.scripts.AccountsPageScript</td>
<td></td>
<td>0</td>
<td>com.Idexx.scripts.AccountsPageScript@55fe41ea</td></tr>
<tr>
<td title='com.Idexx.scripts.AccountsPageScript.login()'><b>login</b><br>Test class: com.Idexx.scripts.AccountsPageScript</td>
<td></td>
<td>0</td>
<td>com.Idexx.scripts.AccountsPageScript@55fe41ea</td></tr>
<tr>
<td title='com.Idexx.scripts.AccountsPageScript.beforeMethod()'><b>beforeMethod</b><br>Test class: com.Idexx.scripts.AccountsPageScript</td>
<td></td>
<td>0</td>
<td>com.Idexx.scripts.AccountsPageScript@55fe41ea</td></tr>
<tr>
<td title='com.Idexx.scripts.AccountsPageScript.login()'><b>login</b><br>Test class: com.Idexx.scripts.AccountsPageScript</td>
<td></td>
<td>0</td>
<td>com.Idexx.scripts.AccountsPageScript@55fe41ea</td></tr>
<tr>
<td title='com.Idexx.scripts.AccountsPageScript.beforeMethod()'><b>beforeMethod</b><br>Test class: com.Idexx.scripts.AccountsPageScript</td>
<td></td>
<td>0</td>
<td>com.Idexx.scripts.AccountsPageScript@55fe41ea</td></tr>
<tr>
<td title='com.Idexx.scripts.AccountsPageScript.login()'><b>login</b><br>Test class: com.Idexx.scripts.AccountsPageScript</td>
<td></td>
<td>0</td>
<td>com.Idexx.scripts.AccountsPageScript@55fe41ea</td></tr>
<tr>
<td title='com.Idexx.scripts.AccountsPageScript.logOut()'><b>logOut</b><br>Test class: com.Idexx.scripts.AccountsPageScript</td>
<td></td>
<td>0</td>
<td>com.Idexx.scripts.AccountsPageScript@55fe41ea</td></tr>
<tr>
<td title='com.Idexx.scripts.AccountsPageScript.afterMethod()'><b>afterMethod</b><br>Test class: com.Idexx.scripts.AccountsPageScript</td>
<td></td>
<td>0</td>
<td>com.Idexx.scripts.AccountsPageScript@55fe41ea</td></tr>
<tr>
<td title='com.Idexx.scripts.AccountsPageScript.logOut()'><b>logOut</b><br>Test class: com.Idexx.scripts.AccountsPageScript</td>
<td></td>
<td>0</td>
<td>com.Idexx.scripts.AccountsPageScript@55fe41ea</td></tr>
<tr>
<td title='com.Idexx.scripts.AccountsPageScript.afterMethod()'><b>afterMethod</b><br>Test class: com.Idexx.scripts.AccountsPageScript</td>
<td></td>
<td>0</td>
<td>com.Idexx.scripts.AccountsPageScript@55fe41ea</td></tr>
<tr>
<td title='com.Idexx.scripts.AccountsPageScript.logOut()'><b>logOut</b><br>Test class: com.Idexx.scripts.AccountsPageScript</td>
<td></td>
<td>0</td>
<td>com.Idexx.scripts.AccountsPageScript@55fe41ea</td></tr>
<tr>
<td title='com.Idexx.scripts.AccountsPageScript.afterMethod()'><b>afterMethod</b><br>Test class: com.Idexx.scripts.AccountsPageScript</td>
<td></td>
<td>0</td>
<td>com.Idexx.scripts.AccountsPageScript@55fe41ea</td></tr>
<tr>
<td title='com.Idexx.scripts.AccountsPageScript.logOut()'><b>logOut</b><br>Test class: com.Idexx.scripts.AccountsPageScript</td>
<td></td>
<td>0</td>
<td>com.Idexx.scripts.AccountsPageScript@55fe41ea</td></tr>
<tr>
<td title='com.Idexx.scripts.AccountsPageScript.afterMethod()'><b>afterMethod</b><br>Test class: com.Idexx.scripts.AccountsPageScript</td>
<td></td>
<td>0</td>
<td>com.Idexx.scripts.AccountsPageScript@55fe41ea</td></tr>
<tr>
<td title='com.Idexx.scripts.AccountsPageScript.logOut()'><b>logOut</b><br>Test class: com.Idexx.scripts.AccountsPageScript</td>
<td></td>
<td>0</td>
<td>com.Idexx.scripts.AccountsPageScript@55fe41ea</td></tr>
<tr>
<td title='com.Idexx.scripts.AccountsPageScript.afterMethod()'><b>afterMethod</b><br>Test class: com.Idexx.scripts.AccountsPageScript</td>
<td></td>
<td>0</td>
<td>com.Idexx.scripts.AccountsPageScript@55fe41ea</td></tr>
<tr>
<td title='com.Idexx.scripts.AccountsPageScript.logOut()'><b>logOut</b><br>Test class: com.Idexx.scripts.AccountsPageScript</td>
<td></td>
<td>0</td>
<td>com.Idexx.scripts.AccountsPageScript@55fe41ea</td></tr>
<tr>
<td title='com.Idexx.scripts.AccountsPageScript.afterMethod()'><b>afterMethod</b><br>Test class: com.Idexx.scripts.AccountsPageScript</td>
<td></td>
<td>0</td>
<td>com.Idexx.scripts.AccountsPageScript@55fe41ea</td></tr>
<tr>
<td title='com.Idexx.scripts.AccountsPageScript.logOut()'><b>logOut</b><br>Test class: com.Idexx.scripts.AccountsPageScript</td>
<td></td>
<td>0</td>
<td>com.Idexx.scripts.AccountsPageScript@55fe41ea</td></tr>
<tr>
<td title='com.Idexx.scripts.AccountsPageScript.afterMethod()'><b>afterMethod</b><br>Test class: com.Idexx.scripts.AccountsPageScript</td>
<td></td>
<td>0</td>
<td>com.Idexx.scripts.AccountsPageScript@55fe41ea</td></tr>
</table><p>
<table width='100%' border='1' class='invocation-skipped'>
<tr><td colspan='4' align='center'><b>SKIPPED TESTS</b></td></tr>
<tr><td><b>Test method</b></td>
<td width="30%"><b>Exception</b></td>
<td width="10%"><b>Time (seconds)</b></td>
<td><b>Instance</b></td>
</tr>
<tr>
<td title='com.Idexx.scripts.AccountsPageScript.Test360viewofaccount()'><b>Test360viewofaccount</b><br>Test class: com.Idexx.scripts.AccountsPageScript<br>Parameters: {teamRole=LPD Field Sales Rep, opportunity_Name=gallop, opportunity_Stage= 2 Discovery, openActivities_RelatedTo= 1255_gallop, RunMode=Y, teamMember=Gallop Fldsalesrep, accountName=1255_gallop, contactName=Arun, openActivities_Subject=Gallop_TestTask}</td>
<td></td>
<td>0</td>
<td>com.Idexx.scripts.AccountsPageScript@55fe41ea</td></tr>
<tr>
<td title='com.Idexx.scripts.AccountsPageScript.TestCreateContactForAnAccount()'><b>TestCreateContactForAnAccount</b><br>Test class: com.Idexx.scripts.AccountsPageScript</td>
<td><div><pre>java.lang.Throwable: Method AccountsPageScript.TestCreateContactForAnAccount(java.util.Hashtable)[pri:0, instance:com.Idexx.scripts.AccountsPageScript@55fe41ea] depends on not successfully finished methods
	at org.testng.internal.Invoker.invokeTestMethods(Invoker.java:1040)
	at org.testng.internal.TestMethodWorker.invokeTestMethods(TestMethodWorker.java:124)
	at org.testng.internal.TestMethodWorker.run(TestMethodWorker.java:108)
	at org.testng.TestRunner.privateRun(TestRunner.java:773)
	at org.testng.TestRunner.run(TestRunner.java:623)
	at org.testng.SuiteRunner.runTest(SuiteRunner.java:357)
	at org.testng.SuiteRunner.runSequentially(SuiteRunner.java:352)
	at org.testng.SuiteRunner.privateRun(SuiteRunner.java:310)
	at org.testng.SuiteRunner.run(SuiteRunner.java:259)
	at org.testng.SuiteRunnerWorker.runSuite(SuiteRunnerWorker.java:52)
	at org.testng.SuiteRunnerWorker.run(SuiteRunnerWorker.java:86)
	at org.testng.TestNG.runSuitesSequentially(TestNG.java:1185)
	at org.testng.TestNG.runSuitesLocally(TestNG.java:1110)
	at org.testng.TestNG.run(TestNG.java:1018)
	at org.testng.remote.RemoteTestNG.run(RemoteTestNG.java:111)
	at org.testng.remote.RemoteTestNG.initAndRun(RemoteTestNG.java:204)
	at org.testng.remote.RemoteTestNG.main(RemoteTestNG.java:175)
</pre></div><a href='#' onClick='toggleBox("stack-trace1606286799", this, "Click to show all stack frames", "Click to hide stack frames")'>Click to show all stack frames</a>
<div class='stack-trace' id='stack-trace1606286799'><pre>java.lang.Throwable: Method AccountsPageScript.TestCreateContactForAnAccount(java.util.Hashtable)[pri:0, instance:com.Idexx.scripts.AccountsPageScript@55fe41ea] depends on not successfully finished methods
	at org.testng.internal.Invoker.invokeTestMethods(Invoker.java:1040)
	at org.testng.internal.TestMethodWorker.invokeTestMethods(TestMethodWorker.java:124)
	at org.testng.internal.TestMethodWorker.run(TestMethodWorker.java:108)
	at org.testng.TestRunner.privateRun(TestRunner.java:773)
	at org.testng.TestRunner.run(TestRunner.java:623)
	at org.testng.SuiteRunner.runTest(SuiteRunner.java:357)
	at org.testng.SuiteRunner.runSequentially(SuiteRunner.java:352)
	at org.testng.SuiteRunner.privateRun(SuiteRunner.java:310)
	at org.testng.SuiteRunner.run(SuiteRunner.java:259)
	at org.testng.SuiteRunnerWorker.runSuite(SuiteRunnerWorker.java:52)
	at org.testng.SuiteRunnerWorker.run(SuiteRunnerWorker.java:86)
	at org.testng.TestNG.runSuitesSequentially(TestNG.java:1185)
	at org.testng.TestNG.runSuitesLocally(TestNG.java:1110)
	at org.testng.TestNG.run(TestNG.java:1018)
	at org.testng.remote.RemoteTestNG.run(RemoteTestNG.java:111)
	at org.testng.remote.RemoteTestNG.initAndRun(RemoteTestNG.java:204)
	at org.testng.remote.RemoteTestNG.main(RemoteTestNG.java:175)
</pre></div></td>
<td>0</td>
<td>null</td></tr>
<tr>
<td title='com.Idexx.scripts.AccountsPageScript.TestCreateNewAccount()'><b>TestCreateNewAccount</b><br>Test class: com.Idexx.scripts.AccountsPageScript<br>Parameters: {businessUnit=CAG, RunMode=Y, accountName=gallop_01, industry=Food}</td>
<td></td>
<td>0</td>
<td>com.Idexx.scripts.AccountsPageScript@55fe41ea</td></tr>
<tr>
<td title='com.Idexx.scripts.AccountsPageScript.TestCreateNewReport()'><b>TestCreateNewReport</b><br>Test class: com.Idexx.scripts.AccountsPageScript<br>Parameters: {RunMode=Y, accountName=1339_gallop, fromdate=11/10/2015}</td>
<td></td>
<td>0</td>
<td>com.Idexx.scripts.AccountsPageScript@55fe41ea</td></tr>
<tr>
<td title='com.Idexx.scripts.AccountsPageScript.TestViewAndEditMyAccounts()'><b>TestViewAndEditMyAccounts</b><br>Test class: com.Idexx.scripts.AccountsPageScript<br>Parameters: {RunMode=Y, accountName=1235_gallop, teamRole=LPD Field Sales Rep, LPDBusinessPlanText=LPD business plan text, teamMember=Gallop Fldsalesrep}</td>
<td></td>
<td>0</td>
<td>com.Idexx.scripts.AccountsPageScript@55fe41ea</td></tr>
<tr>
<td title='com.Idexx.scripts.AccountsPageScript.TestViewCompetitorProducts()'><b>TestViewCompetitorProducts</b><br>Test class: com.Idexx.scripts.AccountsPageScript<br>Parameters: {RunMode=Y, accountName=1254_gallop, competitor_productName=gallop}</td>
<td></td>
<td>0</td>
<td>com.Idexx.scripts.AccountsPageScript@55fe41ea</td></tr>
<tr>
<td title='com.Idexx.scripts.AccountsPageScript.TestViewExistingAccount()'><b>TestViewExistingAccount</b><br>Test class: com.Idexx.scripts.AccountsPageScript<br>Parameters: {RunMode=Y, accountName=1238_gallop}</td>
<td></td>
<td>0</td>
<td>com.Idexx.scripts.AccountsPageScript@55fe41ea</td></tr>
<tr>
<td title='com.Idexx.scripts.AccountsPageScript.TestViewHierarchy()'><b>TestViewHierarchy</b><br>Test class: com.Idexx.scripts.AccountsPageScript<br>Parameters: {ParentNodeAccount=1240_gallop, RunMode=Y, accountName=1241_gallop, GrandParentAccount=1235_gallop}</td>
<td></td>
<td>0</td>
<td>com.Idexx.scripts.AccountsPageScript@55fe41ea</td></tr>
</table><p>
</body>
</html>