<?xml version="1.0" encoding="UTF-8"?>
<!-- Generated by org.testng.reporters.JUnitXMLReporter -->
<testsuite hostname="WIN-PBVU1D92USF" name="Default test" tests="8" failures="0" timestamp="21 Dec 2015 08:11:37 GMT" time="0.151" errors="0">
  <testcase name="@BeforeSuite beforeSuite" time="0.0" classname="com.Idexx.scripts.AccountsPageScript">
    <failure type="org.testng.TestNGException" message="
Parameter &amp;apos;executionType&amp;apos; is required by @Configuration on method beforeSuite but has not been marked @Optional or defined
in C:\Users\Administrator\AppData\Local\Temp\2\testng-eclipse--1489945559\testng-customsuite.xml">
      <![CDATA[org.testng.TestNGException: 
Parameter 'executionType' is required by @Configuration on method beforeSuite but has not been marked @Optional or defined
in C:\Users\Administrator\AppData\Local\Temp\2\testng-eclipse--1489945559\testng-customsuite.xml
	at org.testng.internal.Parameters.createParameters(Parameters.java:148)
	at org.testng.internal.Parameters.createParameters(Parameters.java:361)
	at org.testng.internal.Parameters.createConfigurationParameters(Parameters.java:84)
	at org.testng.internal.Invoker.invokeConfigurations(Invoker.java:197)
	at org.testng.internal.Invoker.invokeConfigurations(Invoker.java:138)
	at org.testng.SuiteRunner.privateRun(SuiteRunner.java:296)
	at org.testng.SuiteRunner.run(SuiteRunner.java:259)
	at org.testng.SuiteRunnerWorker.runSuite(SuiteRunnerWorker.java:52)
	at org.testng.SuiteRunnerWorker.run(SuiteRunnerWorker.java:86)
	at org.testng.TestNG.runSuitesSequentially(TestNG.java:1185)
	at org.testng.TestNG.runSuitesLocally(TestNG.java:1110)
	at org.testng.TestNG.run(TestNG.java:1018)
	at org.testng.remote.RemoteTestNG.run(RemoteTestNG.java:111)
	at org.testng.remote.RemoteTestNG.initAndRun(RemoteTestNG.java:204)
	at org.testng.remote.RemoteTestNG.main(RemoteTestNG.java:175)
]]>
    </failure>
  </testcase> <!-- @BeforeSuite beforeSuite -->
  <testcase name="@BeforeClass beforeTest" time="0.0" classname="com.Idexx.scripts.AccountsPageScript">
    <failure type="org.testng.TestNGException" message="
Parameter &amp;apos;automationName&amp;apos; is required by @Configuration on method beforeTest but has not been marked @Optional or defined
in C:\Users\Administrator\AppData\Local\Temp\2\testng-eclipse--1489945559\testng-customsuite.xml">
      <![CDATA[org.testng.TestNGException: 
Parameter 'automationName' is required by @Configuration on method beforeTest but has not been marked @Optional or defined
in C:\Users\Administrator\AppData\Local\Temp\2\testng-eclipse--1489945559\testng-customsuite.xml
	at org.testng.internal.Parameters.createParameters(Parameters.java:148)
	at org.testng.internal.Parameters.createParameters(Parameters.java:361)
	at org.testng.internal.Parameters.createConfigurationParameters(Parameters.java:84)
	at org.testng.internal.Invoker.invokeConfigurations(Invoker.java:197)
	at org.testng.internal.Invoker.invokeConfigurations(Invoker.java:138)
	at org.testng.internal.TestMethodWorker.invokeBeforeClassMethods(TestMethodWorker.java:170)
	at org.testng.internal.TestMethodWorker.run(TestMethodWorker.java:104)
	at org.testng.TestRunner.privateRun(TestRunner.java:773)
	at org.testng.TestRunner.run(TestRunner.java:623)
	at org.testng.SuiteRunner.runTest(SuiteRunner.java:357)
	at org.testng.SuiteRunner.runSequentially(SuiteRunner.java:352)
	at org.testng.SuiteRunner.privateRun(SuiteRunner.java:310)
	at org.testng.SuiteRunner.run(SuiteRunner.java:259)
	at org.testng.SuiteRunnerWorker.runSuite(SuiteRunnerWorker.java:52)
	at org.testng.SuiteRunnerWorker.run(SuiteRunnerWorker.java:86)
	at org.testng.TestNG.runSuitesSequentially(TestNG.java:1185)
	at org.testng.TestNG.runSuitesLocally(TestNG.java:1110)
	at org.testng.TestNG.run(TestNG.java:1018)
	at org.testng.remote.RemoteTestNG.run(RemoteTestNG.java:111)
	at org.testng.remote.RemoteTestNG.initAndRun(RemoteTestNG.java:204)
	at org.testng.remote.RemoteTestNG.main(RemoteTestNG.java:175)
]]>
    </failure>
  </testcase> <!-- @BeforeClass beforeTest -->
  <testcase name="@BeforeMethod beforeMethod" time="0.0" classname="com.Idexx.scripts.AccountsPageScript">
    <skipped/>
  </testcase> <!-- @BeforeMethod beforeMethod -->
  <testcase name="@BeforeMethod login" time="0.0" classname="com.Idexx.scripts.AccountsPageScript">
    <skipped/>
  </testcase> <!-- @BeforeMethod login -->
  <testcase name="@AfterMethod logOut" time="0.0" classname="com.Idexx.scripts.AccountsPageScript">
    <skipped/>
  </testcase> <!-- @AfterMethod logOut -->
  <testcase name="@AfterMethod afterMethod" time="0.0" classname="com.Idexx.scripts.AccountsPageScript">
    <skipped/>
  </testcase> <!-- @AfterMethod afterMethod -->
  <testcase name="@BeforeMethod beforeMethod" time="0.0" classname="com.Idexx.scripts.AccountsPageScript">
    <skipped/>
  </testcase> <!-- @BeforeMethod beforeMethod -->
  <testcase name="@BeforeMethod login" time="0.0" classname="com.Idexx.scripts.AccountsPageScript">
    <skipped/>
  </testcase> <!-- @BeforeMethod login -->
  <testcase name="@AfterMethod logOut" time="0.0" classname="com.Idexx.scripts.AccountsPageScript">
    <skipped/>
  </testcase> <!-- @AfterMethod logOut -->
  <testcase name="@AfterMethod afterMethod" time="0.0" classname="com.Idexx.scripts.AccountsPageScript">
    <skipped/>
  </testcase> <!-- @AfterMethod afterMethod -->
  <testcase name="@BeforeMethod beforeMethod" time="0.0" classname="com.Idexx.scripts.AccountsPageScript">
    <skipped/>
  </testcase> <!-- @BeforeMethod beforeMethod -->
  <testcase name="@BeforeMethod login" time="0.0" classname="com.Idexx.scripts.AccountsPageScript">
    <skipped/>
  </testcase> <!-- @BeforeMethod login -->
  <testcase name="@AfterMethod logOut" time="0.0" classname="com.Idexx.scripts.AccountsPageScript">
    <skipped/>
  </testcase> <!-- @AfterMethod logOut -->
  <testcase name="@AfterMethod afterMethod" time="0.0" classname="com.Idexx.scripts.AccountsPageScript">
    <skipped/>
  </testcase> <!-- @AfterMethod afterMethod -->
  <testcase name="@BeforeMethod beforeMethod" time="0.0" classname="com.Idexx.scripts.AccountsPageScript">
    <skipped/>
  </testcase> <!-- @BeforeMethod beforeMethod -->
  <testcase name="@BeforeMethod login" time="0.0" classname="com.Idexx.scripts.AccountsPageScript">
    <skipped/>
  </testcase> <!-- @BeforeMethod login -->
  <testcase name="@AfterMethod logOut" time="0.0" classname="com.Idexx.scripts.AccountsPageScript">
    <skipped/>
  </testcase> <!-- @AfterMethod logOut -->
  <testcase name="@AfterMethod afterMethod" time="0.0" classname="com.Idexx.scripts.AccountsPageScript">
    <skipped/>
  </testcase> <!-- @AfterMethod afterMethod -->
  <testcase name="@BeforeMethod beforeMethod" time="0.0" classname="com.Idexx.scripts.AccountsPageScript">
    <skipped/>
  </testcase> <!-- @BeforeMethod beforeMethod -->
  <testcase name="@BeforeMethod login" time="0.0" classname="com.Idexx.scripts.AccountsPageScript">
    <skipped/>
  </testcase> <!-- @BeforeMethod login -->
  <testcase name="@AfterMethod logOut" time="0.0" classname="com.Idexx.scripts.AccountsPageScript">
    <skipped/>
  </testcase> <!-- @AfterMethod logOut -->
  <testcase name="@AfterMethod afterMethod" time="0.0" classname="com.Idexx.scripts.AccountsPageScript">
    <skipped/>
  </testcase> <!-- @AfterMethod afterMethod -->
  <testcase name="@BeforeMethod beforeMethod" time="0.0" classname="com.Idexx.scripts.AccountsPageScript">
    <skipped/>
  </testcase> <!-- @BeforeMethod beforeMethod -->
  <testcase name="@BeforeMethod login" time="0.0" classname="com.Idexx.scripts.AccountsPageScript">
    <skipped/>
  </testcase> <!-- @BeforeMethod login -->
  <testcase name="@AfterMethod logOut" time="0.0" classname="com.Idexx.scripts.AccountsPageScript">
    <skipped/>
  </testcase> <!-- @AfterMethod logOut -->
  <testcase name="@AfterMethod afterMethod" time="0.0" classname="com.Idexx.scripts.AccountsPageScript">
    <skipped/>
  </testcase> <!-- @AfterMethod afterMethod -->
  <testcase name="@BeforeMethod beforeMethod" time="0.0" classname="com.Idexx.scripts.AccountsPageScript">
    <skipped/>
  </testcase> <!-- @BeforeMethod beforeMethod -->
  <testcase name="@BeforeMethod login" time="0.0" classname="com.Idexx.scripts.AccountsPageScript">
    <skipped/>
  </testcase> <!-- @BeforeMethod login -->
  <testcase name="@AfterMethod logOut" time="0.0" classname="com.Idexx.scripts.AccountsPageScript">
    <skipped/>
  </testcase> <!-- @AfterMethod logOut -->
  <testcase name="@AfterMethod afterMethod" time="0.0" classname="com.Idexx.scripts.AccountsPageScript">
    <skipped/>
  </testcase> <!-- @AfterMethod afterMethod -->
  <testcase name="@AfterClass afterTest" time="0.0" classname="com.Idexx.scripts.AccountsPageScript">
    <failure type="org.testng.TestNGException" message="
Parameter &amp;apos;browser&amp;apos; is required by @Configuration on method afterTest but has not been marked @Optional or defined
in C:\Users\Administrator\AppData\Local\Temp\2\testng-eclipse--1489945559\testng-customsuite.xml">
      <![CDATA[org.testng.TestNGException: 
Parameter 'browser' is required by @Configuration on method afterTest but has not been marked @Optional or defined
in C:\Users\Administrator\AppData\Local\Temp\2\testng-eclipse--1489945559\testng-customsuite.xml
	at org.testng.internal.Parameters.createParameters(Parameters.java:148)
	at org.testng.internal.Parameters.createParameters(Parameters.java:361)
	at org.testng.internal.Parameters.createConfigurationParameters(Parameters.java:84)
	at org.testng.internal.Invoker.invokeConfigurations(Invoker.java:197)
	at org.testng.internal.Invoker.invokeConfigurations(Invoker.java:138)
	at org.testng.internal.TestMethodWorker.invokeAfterClassMethods(TestMethodWorker.java:220)
	at org.testng.internal.TestMethodWorker.run(TestMethodWorker.java:111)
	at org.testng.TestRunner.privateRun(TestRunner.java:773)
	at org.testng.TestRunner.run(TestRunner.java:623)
	at org.testng.SuiteRunner.runTest(SuiteRunner.java:357)
	at org.testng.SuiteRunner.runSequentially(SuiteRunner.java:352)
	at org.testng.SuiteRunner.privateRun(SuiteRunner.java:310)
	at org.testng.SuiteRunner.run(SuiteRunner.java:259)
	at org.testng.SuiteRunnerWorker.runSuite(SuiteRunnerWorker.java:52)
	at org.testng.SuiteRunnerWorker.run(SuiteRunnerWorker.java:86)
	at org.testng.TestNG.runSuitesSequentially(TestNG.java:1185)
	at org.testng.TestNG.runSuitesLocally(TestNG.java:1110)
	at org.testng.TestNG.run(TestNG.java:1018)
	at org.testng.remote.RemoteTestNG.run(RemoteTestNG.java:111)
	at org.testng.remote.RemoteTestNG.initAndRun(RemoteTestNG.java:204)
	at org.testng.remote.RemoteTestNG.main(RemoteTestNG.java:175)
]]>
    </failure>
  </testcase> <!-- @AfterClass afterTest -->
  <testcase name="TestCreateNewAccount" time="0.016" classname="com.Idexx.scripts.AccountsPageScript">
    <skipped/>
  </testcase> <!-- TestCreateNewAccount -->
  <testcase name="TestViewExistingAccount" time="0.0" classname="com.Idexx.scripts.AccountsPageScript">
    <skipped/>
  </testcase> <!-- TestViewExistingAccount -->
  <testcase name="TestViewAndEditMyAccounts" time="0.0" classname="com.Idexx.scripts.AccountsPageScript">
    <skipped/>
  </testcase> <!-- TestViewAndEditMyAccounts -->
  <testcase name="TestViewHierarchy" time="0.0" classname="com.Idexx.scripts.AccountsPageScript">
    <skipped/>
  </testcase> <!-- TestViewHierarchy -->
  <testcase name="TestViewCompetitorProducts" time="0.016" classname="com.Idexx.scripts.AccountsPageScript">
    <skipped/>
  </testcase> <!-- TestViewCompetitorProducts -->
  <testcase name="Test360viewofaccount" time="0.0" classname="com.Idexx.scripts.AccountsPageScript">
    <skipped/>
  </testcase> <!-- Test360viewofaccount -->
  <testcase name="TestCreateNewReport" time="0.0" classname="com.Idexx.scripts.AccountsPageScript">
    <skipped/>
  </testcase> <!-- TestCreateNewReport -->
  <testcase name="TestCreateContactForAnAccount" time="0.0" classname="com.Idexx.scripts.AccountsPageScript">
    <skipped/>
  </testcase> <!-- TestCreateContactForAnAccount -->
</testsuite> <!-- Default test -->
