<?xml version="1.0" encoding="UTF-8"?>
<!-- Generated by org.testng.reporters.JUnitXMLReporter -->
<testsuite hostname="WIN-PBVU1D92USF" name="chromeWindowssaucelabs" tests="4" failures="1" timestamp="22 Dec 2015 13:01:50 GMT" time="302.339" errors="0">
  <testcase name="TestLogin" time="22.619" classname="com.Idexx.scripts.Login"/>
  <testcase name="TestCustomize_AddTab" time="41.078" classname="com.Idexx.scripts.HomePageScript">
    <failure type="java.lang.AssertionError" message="The tab - Badges is not found in the list.">
      <![CDATA[java.lang.AssertionError: The tab - Badges is not found in the list.
	at com.Idexx.libs.HomepageLib.customize_addTab(HomepageLib.java:104)
	at com.Idexx.scripts.HomePageScript.TestCustomize_AddTab(HomePageScript.java:71)
	at java.util.concurrent.FutureTask.run(Unknown Source)
	at java.util.concurrent.ThreadPoolExecutor.runWorker(Unknown Source)
	at java.util.concurrent.ThreadPoolExecutor$Worker.run(Unknown Source)
	at java.lang.Thread.run(Unknown Source)
... Removed 17 stack frames]]>
    </failure>
  </testcase> <!-- TestCustomize_AddTab -->
  <testcase name="TestCustomize_RemoveTab" time="77.217" classname="com.Idexx.scripts.HomePageScript"/>
  <testcase name="TestVerifyMyTaskAndCalenderSection" time="37.125" classname="com.Idexx.scripts.HomePageScript"/>
</testsuite> <!-- chromeWindowssaucelabs -->
